<?xml version="1.0" encoding="UTF-8"?>
<!-- Generated by org.testng.reporters.JUnitXMLReporter -->
<testsuite hostname="Alistair" tests="6" failures="0" timestamp="25 Jan 2018 00:29:42 GMT" time="1.137" errors="0">
  <testcase name="@BeforeMethod setUp" time="0.0" classname="TestHomePage">
    <failure type="org.openqa.selenium.WebDriverException" message="An unknown server-side error occurred while processing the command. Original error: Could not find adb Please set the ANDROID_HOME environment variable with the Android SDK root directory path. (WARNING: The server did not provide any stacktrace information)
Command duration or timeout: 418 milliseconds
Build info: version: &amp;apos;2.43.1&amp;apos;, revision: &amp;apos;5163bceef1bc36d43f3dc0b83c88998168a363a0&amp;apos;, time: &amp;apos;2014-09-10 09:43:55&amp;apos;
System info: host: &amp;apos;Alistair&amp;apos;, ip: &amp;apos;192.168.74.1&amp;apos;, os.name: &amp;apos;Windows 8.1&amp;apos;, os.arch: &amp;apos;amd64&amp;apos;, os.version: &amp;apos;6.3&amp;apos;, java.version: &amp;apos;1.8.0_144&amp;apos;
Driver info: io.appium.java_client.android.AndroidDriver">
      <![CDATA[org.openqa.selenium.WebDriverException: An unknown server-side error occurred while processing the command. Original error: Could not find adb Please set the ANDROID_HOME environment variable with the Android SDK root directory path. (WARNING: The server did not provide any stacktrace information)
Command duration or timeout: 418 milliseconds
Build info: version: '2.43.1', revision: '5163bceef1bc36d43f3dc0b83c88998168a363a0', time: '2014-09-10 09:43:55'
System info: host: 'Alistair', ip: '192.168.74.1', os.name: 'Windows 8.1', os.arch: 'amd64', os.version: '6.3', java.version: '1.8.0_144'
Driver info: io.appium.java_client.android.AndroidDriver
	at org.openqa.selenium.remote.ErrorHandler.createThrowable(ErrorHandler.java:204)
	at org.openqa.selenium.remote.ErrorHandler.throwIfResponseFailed(ErrorHandler.java:156)
	at org.openqa.selenium.remote.RemoteWebDriver.execute(RemoteWebDriver.java:599)
	at io.appium.java_client.AppiumDriver.execute(AppiumDriver.java:180)
	at org.openqa.selenium.remote.RemoteWebDriver.startSession(RemoteWebDriver.java:240)
	at org.openqa.selenium.remote.RemoteWebDriver.<init>(RemoteWebDriver.java:126)
	at org.openqa.selenium.remote.RemoteWebDriver.<init>(RemoteWebDriver.java:153)
	at io.appium.java_client.AppiumDriver.<init>(AppiumDriver.java:109)
	at io.appium.java_client.android.AndroidDriver.<init>(AndroidDriver.java:39)
	at base.MobileAPI.setUpAndroidEnv(MobileAPI.java:172)
	at base.MobileAPI.setUp(MobileAPI.java:141)
... Removed 34 stack frames]]>
    </failure>
  </testcase> <!-- @BeforeMethod setUp -->
  <testcase name="@BeforeMethod startExtent" time="0.0" classname="TestHomePage">
    <skipped/>
  </testcase> <!-- @BeforeMethod startExtent -->
  <testcase name="@BeforeMethod initialize" time="0.0" classname="TestHomePage">
    <skipped/>
  </testcase> <!-- @BeforeMethod initialize -->
  <testcase name="@AfterMethod afterEachTestMethod" time="0.0" classname="TestHomePage">
    <skipped/>
  </testcase> <!-- @AfterMethod afterEachTestMethod -->
  <testcase name="@BeforeMethod setUp" time="0.0" classname="TestHomePage">
    <skipped/>
  </testcase> <!-- @BeforeMethod setUp -->
  <testcase name="@BeforeMethod startExtent" time="0.0" classname="TestHomePage">
    <skipped/>
  </testcase> <!-- @BeforeMethod startExtent -->
  <testcase name="@BeforeMethod initialize" time="0.0" classname="TestHomePage">
    <skipped/>
  </testcase> <!-- @BeforeMethod initialize -->
  <testcase name="@AfterMethod afterEachTestMethod" time="0.0" classname="TestHomePage">
    <skipped/>
  </testcase> <!-- @AfterMethod afterEachTestMethod -->
  <testcase name="@BeforeMethod setUp" time="0.0" classname="TestHomePage">
    <skipped/>
  </testcase> <!-- @BeforeMethod setUp -->
  <testcase name="@BeforeMethod startExtent" time="0.0" classname="TestHomePage">
    <skipped/>
  </testcase> <!-- @BeforeMethod startExtent -->
  <testcase name="@BeforeMethod initialize" time="0.0" classname="TestHomePage">
    <skipped/>
  </testcase> <!-- @BeforeMethod initialize -->
  <testcase name="@AfterMethod afterEachTestMethod" time="0.0" classname="TestHomePage">
    <skipped/>
  </testcase> <!-- @AfterMethod afterEachTestMethod -->
  <testcase name="@BeforeMethod setUp" time="0.0" classname="TestHomePage">
    <skipped/>
  </testcase> <!-- @BeforeMethod setUp -->
  <testcase name="@BeforeMethod startExtent" time="0.0" classname="TestHomePage">
    <skipped/>
  </testcase> <!-- @BeforeMethod startExtent -->
  <testcase name="@BeforeMethod initialize" time="0.0" classname="TestHomePage">
    <skipped/>
  </testcase> <!-- @BeforeMethod initialize -->
  <testcase name="@AfterMethod afterEachTestMethod" time="0.0" classname="TestHomePage">
    <skipped/>
  </testcase> <!-- @AfterMethod afterEachTestMethod -->
  <testcase name="@BeforeMethod setUp" time="0.0" classname="TestHomePage">
    <skipped/>
  </testcase> <!-- @BeforeMethod setUp -->
  <testcase name="@BeforeMethod startExtent" time="0.0" classname="TestHomePage">
    <skipped/>
  </testcase> <!-- @BeforeMethod startExtent -->
  <testcase name="@BeforeMethod initialize" time="0.0" classname="TestHomePage">
    <skipped/>
  </testcase> <!-- @BeforeMethod initialize -->
  <testcase name="@AfterMethod afterEachTestMethod" time="0.0" classname="TestHomePage">
    <skipped/>
  </testcase> <!-- @AfterMethod afterEachTestMethod -->
  <testcase name="@BeforeMethod setUp" time="0.0" classname="TestHomePage">
    <skipped/>
  </testcase> <!-- @BeforeMethod setUp -->
  <testcase name="@BeforeMethod startExtent" time="0.0" classname="TestHomePage">
    <skipped/>
  </testcase> <!-- @BeforeMethod startExtent -->
  <testcase name="@BeforeMethod initialize" time="0.0" classname="TestHomePage">
    <skipped/>
  </testcase> <!-- @BeforeMethod initialize -->
  <testcase name="@AfterMethod afterEachTestMethod" time="0.002" classname="TestHomePage">
    <skipped/>
  </testcase> <!-- @AfterMethod afterEachTestMethod -->
  <testcase name="test1BurgerButton" time="0.001" classname="TestHomePage">
    <skipped/>
  </testcase> <!-- test1BurgerButton -->
  <testcase name="test3scrollToMyReadingList" time="0.0" classname="TestHomePage">
    <skipped/>
  </testcase> <!-- test3scrollToMyReadingList -->
  <testcase name="test4scrollToLocal" time="0.0" classname="TestHomePage">
    <skipped/>
  </testcase> <!-- test4scrollToLocal -->
  <testcase name="test5scrollToBusiness" time="0.0" classname="TestHomePage">
    <skipped/>
  </testcase> <!-- test5scrollToBusiness -->
  <testcase name="test6scrollToSports" time="0.0" classname="TestHomePage">
    <skipped/>
  </testcase> <!-- test6scrollToSports -->
  <testcase name="test7scrollPNWMagazine" time="0.0" classname="TestHomePage">
    <skipped/>
  </testcase> <!-- test7scrollPNWMagazine -->
</testsuite>
