<html>
<head>
<title>TestNG:  GoToHomePage</title>
<link href="../testng.css" rel="stylesheet" type="text/css" />
<link href="../my-testng.css" rel="stylesheet" type="text/css" />

<style type="text/css">
.log { display: none;} 
.stack-trace { display: none;} 
</style>
<script type="text/javascript">
<!--
function flip(e) {
  current = e.style.display;
  if (current == 'block') {
    e.style.display = 'none';
    return 0;
  }
  else {
    e.style.display = 'block';
    return 1;
  }
}

function toggleBox(szDivId, elem, msg1, msg2)
{
  var res = -1;  if (document.getElementById) {
    res = flip(document.getElementById(szDivId));
  }
  else if (document.all) {
    // this is the way old msie versions work
    res = flip(document.all[szDivId]);
  }
  if(elem) {
    if(res == 0) elem.innerHTML = msg1; else elem.innerHTML = msg2;
  }

}

function toggleAllBoxes() {
  if (document.getElementsByTagName) {
    d = document.getElementsByTagName('div');
    for (i = 0; i < d.length; i++) {
      if (d[i].className == 'log') {
        flip(d[i]);
      }
    }
  }
}

// -->
</script>

</head>
<body>
<h2 align='center'>GoToHomePage</h2><table border='1' align="center">
<tr>
<td>Tests passed/Failed/Skipped:</td><td>0/0/6</td>
</tr><tr>
<td>Started on:</td><td>Wed Jan 24 19:29:41 GMT-05:00 2018</td>
</tr>
<tr><td>Total time:</td><td>1 seconds (1137 ms)</td>
</tr><tr>
<td>Included groups:</td><td></td>
</tr><tr>
<td>Excluded groups:</td><td></td>
</tr>
</table><p/>
<small><i>(Hover the method name to see the test class name)</i></small><p/>
<table width='100%' border='1' class='invocation-failed'>
<tr><td colspan='4' align='center'><b>FAILED CONFIGURATIONS</b></td></tr>
<tr><td><b>Test method</b></td>
<td width="30%"><b>Exception</b></td>
<td width="10%"><b>Time (seconds)</b></td>
<td><b>Instance</b></td>
</tr>
<tr>
<td title='TestHomePage.setUp()'><b>setUp</b><br>Test class: TestHomePage<br>Parameters: Android, Phone, Emulator, Pixel XL, 5.0, SeattleTimes, The Seattle Times.apk</td>
<td><div><pre>org.openqa.selenium.WebDriverException: An unknown server-side error occurred while processing the command. Original error: Could not find adb Please set the ANDROID_HOME environment variable with the Android SDK root directory path. (WARNING: The server did not provide any stacktrace information)
Command duration or timeout: 418 milliseconds
Build info: version: &apos;2.43.1&apos;, revision: &apos;5163bceef1bc36d43f3dc0b83c88998168a363a0&apos;, time: &apos;2014-09-10 09:43:55&apos;
System info: host: &apos;Alistair&apos;, ip: &apos;192.168.74.1&apos;, os.name: &apos;Windows 8.1&apos;, os.arch: &apos;amd64&apos;, os.version: &apos;6.3&apos;, java.version: &apos;1.8.0_144&apos;
Driver info: io.appium.java_client.android.AndroidDriver
	at org.openqa.selenium.remote.ErrorHandler.createThrowable(ErrorHandler.java:204)
	at org.openqa.selenium.remote.ErrorHandler.throwIfResponseFailed(ErrorHandler.java:156)
	at org.openqa.selenium.remote.RemoteWebDriver.execute(RemoteWebDriver.java:599)
	at io.appium.java_client.AppiumDriver.execute(AppiumDriver.java:180)
	at org.openqa.selenium.remote.RemoteWebDriver.startSession(RemoteWebDriver.java:240)
	at org.openqa.selenium.remote.RemoteWebDriver.&lt;init&gt;(RemoteWebDriver.java:126)
	at org.openqa.selenium.remote.RemoteWebDriver.&lt;init&gt;(RemoteWebDriver.java:153)
	at io.appium.java_client.AppiumDriver.&lt;init&gt;(AppiumDriver.java:109)
	at io.appium.java_client.android.AndroidDriver.&lt;init&gt;(AndroidDriver.java:39)
	at base.MobileAPI.setUpAndroidEnv(MobileAPI.java:172)
	at base.MobileAPI.setUp(MobileAPI.java:141)
... Removed 34 stack frames</pre></div><a href='#' onClick='toggleBox("stack-trace780934299", this, "Click to show all stack frames", "Click to hide stack frames")'>Click to show all stack frames</a>
<div class='stack-trace' id='stack-trace780934299'><pre>org.openqa.selenium.WebDriverException: An unknown server-side error occurred while processing the command. Original error: Could not find adb Please set the ANDROID_HOME environment variable with the Android SDK root directory path. (WARNING: The server did not provide any stacktrace information)
Command duration or timeout: 418 milliseconds
Build info: version: &apos;2.43.1&apos;, revision: &apos;5163bceef1bc36d43f3dc0b83c88998168a363a0&apos;, time: &apos;2014-09-10 09:43:55&apos;
System info: host: &apos;Alistair&apos;, ip: &apos;192.168.74.1&apos;, os.name: &apos;Windows 8.1&apos;, os.arch: &apos;amd64&apos;, os.version: &apos;6.3&apos;, java.version: &apos;1.8.0_144&apos;
Driver info: io.appium.java_client.android.AndroidDriver
	at sun.reflect.NativeConstructorAccessorImpl.newInstance0(Native Method)
	at sun.reflect.NativeConstructorAccessorImpl.newInstance(NativeConstructorAccessorImpl.java:62)
	at sun.reflect.DelegatingConstructorAccessorImpl.newInstance(DelegatingConstructorAccessorImpl.java:45)
	at java.lang.reflect.Constructor.newInstance(Constructor.java:423)
	at org.openqa.selenium.remote.ErrorHandler.createThrowable(ErrorHandler.java:204)
	at org.openqa.selenium.remote.ErrorHandler.throwIfResponseFailed(ErrorHandler.java:156)
	at org.openqa.selenium.remote.RemoteWebDriver.execute(RemoteWebDriver.java:599)
	at io.appium.java_client.AppiumDriver.execute(AppiumDriver.java:180)
	at org.openqa.selenium.remote.RemoteWebDriver.startSession(RemoteWebDriver.java:240)
	at org.openqa.selenium.remote.RemoteWebDriver.&lt;init&gt;(RemoteWebDriver.java:126)
	at org.openqa.selenium.remote.RemoteWebDriver.&lt;init&gt;(RemoteWebDriver.java:153)
	at io.appium.java_client.AppiumDriver.&lt;init&gt;(AppiumDriver.java:109)
	at io.appium.java_client.android.AndroidDriver.&lt;init&gt;(AndroidDriver.java:39)
	at base.MobileAPI.setUpAndroidEnv(MobileAPI.java:172)
	at base.MobileAPI.setUp(MobileAPI.java:141)
	at sun.reflect.NativeMethodAccessorImpl.invoke0(Native Method)
	at sun.reflect.NativeMethodAccessorImpl.invoke(NativeMethodAccessorImpl.java:62)
	at sun.reflect.DelegatingMethodAccessorImpl.invoke(DelegatingMethodAccessorImpl.java:43)
	at java.lang.reflect.Method.invoke(Method.java:498)
	at org.testng.internal.MethodInvocationHelper.invokeMethod(MethodInvocationHelper.java:86)
	at org.testng.internal.Invoker.invokeConfigurationMethod(Invoker.java:514)
	at org.testng.internal.Invoker.invokeConfigurations(Invoker.java:215)
	at org.testng.internal.Invoker.invokeMethod(Invoker.java:589)
	at org.testng.internal.Invoker.invokeTestMethod(Invoker.java:820)
	at org.testng.internal.Invoker.invokeTestMethods(Invoker.java:1128)
	at org.testng.internal.TestMethodWorker.invokeTestMethods(TestMethodWorker.java:129)
	at org.testng.internal.TestMethodWorker.run(TestMethodWorker.java:112)
	at org.testng.TestRunner.privateRun(TestRunner.java:782)
	at org.testng.TestRunner.run(TestRunner.java:632)
	at org.testng.SuiteRunner.runTest(SuiteRunner.java:366)
	at org.testng.SuiteRunner.runSequentially(SuiteRunner.java:361)
	at org.testng.SuiteRunner.privateRun(SuiteRunner.java:319)
	at org.testng.SuiteRunner.run(SuiteRunner.java:268)
	at org.testng.SuiteRunnerWorker.runSuite(SuiteRunnerWorker.java:52)
	at org.testng.SuiteRunnerWorker.run(SuiteRunnerWorker.java:86)
	at org.testng.TestNG.runSuitesSequentially(TestNG.java:1244)
	at org.testng.TestNG.runSuitesLocally(TestNG.java:1169)
	at org.testng.TestNG.run(TestNG.java:1064)
	at org.apache.maven.surefire.testng.TestNGExecutor.run(TestNGExecutor.java:283)
	at org.apache.maven.surefire.testng.TestNGXmlTestSuite.execute(TestNGXmlTestSuite.java:75)
	at org.apache.maven.surefire.testng.TestNGProvider.invoke(TestNGProvider.java:120)
	at org.apache.maven.surefire.booter.ForkedBooter.invokeProviderInSameClassLoader(ForkedBooter.java:373)
	at org.apache.maven.surefire.booter.ForkedBooter.runSuitesInProcess(ForkedBooter.java:334)
	at org.apache.maven.surefire.booter.ForkedBooter.execute(ForkedBooter.java:119)
	at org.apache.maven.surefire.booter.ForkedBooter.main(ForkedBooter.java:407)
</pre></div></td>
<td>0</td>
<td>TestHomePage@7e0b0338</td></tr>
</table><p>
<table width='100%' border='1' class='invocation-skipped'>
<tr><td colspan='4' align='center'><b>SKIPPED CONFIGURATIONS</b></td></tr>
<tr><td><b>Test method</b></td>
<td width="30%"><b>Exception</b></td>
<td width="10%"><b>Time (seconds)</b></td>
<td><b>Instance</b></td>
</tr>
<tr>
<td title='TestHomePage.startExtent()'><b>startExtent</b><br>Test class: TestHomePage</td>
<td></td>
<td>0</td>
<td>TestHomePage@7e0b0338</td></tr>
<tr>
<td title='TestHomePage.initialize()'><b>initialize</b><br>Test class: TestHomePage</td>
<td></td>
<td>0</td>
<td>TestHomePage@7e0b0338</td></tr>
<tr>
<td title='TestHomePage.setUp()'><b>setUp</b><br>Test class: TestHomePage</td>
<td></td>
<td>0</td>
<td>TestHomePage@7e0b0338</td></tr>
<tr>
<td title='TestHomePage.startExtent()'><b>startExtent</b><br>Test class: TestHomePage</td>
<td></td>
<td>0</td>
<td>TestHomePage@7e0b0338</td></tr>
<tr>
<td title='TestHomePage.initialize()'><b>initialize</b><br>Test class: TestHomePage</td>
<td></td>
<td>0</td>
<td>TestHomePage@7e0b0338</td></tr>
<tr>
<td title='TestHomePage.setUp()'><b>setUp</b><br>Test class: TestHomePage</td>
<td></td>
<td>0</td>
<td>TestHomePage@7e0b0338</td></tr>
<tr>
<td title='TestHomePage.startExtent()'><b>startExtent</b><br>Test class: TestHomePage</td>
<td></td>
<td>0</td>
<td>TestHomePage@7e0b0338</td></tr>
<tr>
<td title='TestHomePage.initialize()'><b>initialize</b><br>Test class: TestHomePage</td>
<td></td>
<td>0</td>
<td>TestHomePage@7e0b0338</td></tr>
<tr>
<td title='TestHomePage.setUp()'><b>setUp</b><br>Test class: TestHomePage</td>
<td></td>
<td>0</td>
<td>TestHomePage@7e0b0338</td></tr>
<tr>
<td title='TestHomePage.startExtent()'><b>startExtent</b><br>Test class: TestHomePage</td>
<td></td>
<td>0</td>
<td>TestHomePage@7e0b0338</td></tr>
<tr>
<td title='TestHomePage.initialize()'><b>initialize</b><br>Test class: TestHomePage</td>
<td></td>
<td>0</td>
<td>TestHomePage@7e0b0338</td></tr>
<tr>
<td title='TestHomePage.setUp()'><b>setUp</b><br>Test class: TestHomePage</td>
<td></td>
<td>0</td>
<td>TestHomePage@7e0b0338</td></tr>
<tr>
<td title='TestHomePage.startExtent()'><b>startExtent</b><br>Test class: TestHomePage</td>
<td></td>
<td>0</td>
<td>TestHomePage@7e0b0338</td></tr>
<tr>
<td title='TestHomePage.initialize()'><b>initialize</b><br>Test class: TestHomePage</td>
<td></td>
<td>0</td>
<td>TestHomePage@7e0b0338</td></tr>
<tr>
<td title='TestHomePage.setUp()'><b>setUp</b><br>Test class: TestHomePage</td>
<td></td>
<td>0</td>
<td>TestHomePage@7e0b0338</td></tr>
<tr>
<td title='TestHomePage.startExtent()'><b>startExtent</b><br>Test class: TestHomePage</td>
<td></td>
<td>0</td>
<td>TestHomePage@7e0b0338</td></tr>
<tr>
<td title='TestHomePage.initialize()'><b>initialize</b><br>Test class: TestHomePage</td>
<td></td>
<td>0</td>
<td>TestHomePage@7e0b0338</td></tr>
<tr>
<td title='TestHomePage.afterEachTestMethod()'><b>afterEachTestMethod</b><br>Test class: TestHomePage</td>
<td></td>
<td>0</td>
<td>TestHomePage@7e0b0338</td></tr>
<tr>
<td title='TestHomePage.afterEachTestMethod()'><b>afterEachTestMethod</b><br>Test class: TestHomePage</td>
<td></td>
<td>0</td>
<td>TestHomePage@7e0b0338</td></tr>
<tr>
<td title='TestHomePage.afterEachTestMethod()'><b>afterEachTestMethod</b><br>Test class: TestHomePage</td>
<td></td>
<td>0</td>
<td>TestHomePage@7e0b0338</td></tr>
<tr>
<td title='TestHomePage.afterEachTestMethod()'><b>afterEachTestMethod</b><br>Test class: TestHomePage</td>
<td></td>
<td>0</td>
<td>TestHomePage@7e0b0338</td></tr>
<tr>
<td title='TestHomePage.afterEachTestMethod()'><b>afterEachTestMethod</b><br>Test class: TestHomePage</td>
<td></td>
<td>0</td>
<td>TestHomePage@7e0b0338</td></tr>
<tr>
<td title='TestHomePage.afterEachTestMethod()'><b>afterEachTestMethod</b><br>Test class: TestHomePage</td>
<td></td>
<td>0</td>
<td>TestHomePage@7e0b0338</td></tr>
</table><p>
<table width='100%' border='1' class='invocation-skipped'>
<tr><td colspan='4' align='center'><b>SKIPPED TESTS</b></td></tr>
<tr><td><b>Test method</b></td>
<td width="30%"><b>Exception</b></td>
<td width="10%"><b>Time (seconds)</b></td>
<td><b>Instance</b></td>
</tr>
<tr>
<td title='TestHomePage.test1BurgerButton()'><b>test1BurgerButton</b><br>Test class: TestHomePage</td>
<td></td>
<td>0</td>
<td>TestHomePage@7e0b0338</td></tr>
<tr>
<td title='TestHomePage.test3scrollToMyReadingList()'><b>test3scrollToMyReadingList</b><br>Test class: TestHomePage</td>
<td></td>
<td>0</td>
<td>TestHomePage@7e0b0338</td></tr>
<tr>
<td title='TestHomePage.test4scrollToLocal()'><b>test4scrollToLocal</b><br>Test class: TestHomePage</td>
<td></td>
<td>0</td>
<td>TestHomePage@7e0b0338</td></tr>
<tr>
<td title='TestHomePage.test5scrollToBusiness()'><b>test5scrollToBusiness</b><br>Test class: TestHomePage</td>
<td></td>
<td>0</td>
<td>TestHomePage@7e0b0338</td></tr>
<tr>
<td title='TestHomePage.test6scrollToSports()'><b>test6scrollToSports</b><br>Test class: TestHomePage</td>
<td></td>
<td>0</td>
<td>TestHomePage@7e0b0338</td></tr>
<tr>
<td title='TestHomePage.test7scrollPNWMagazine()'><b>test7scrollPNWMagazine</b><br>Test class: TestHomePage</td>
<td></td>
<td>0</td>
<td>TestHomePage@7e0b0338</td></tr>
</table><p>
</body>
</html>